<?xml version="1.0" encoding="UTF-8"?>
<!-- Generated by org.testng.reporters.JUnitReportReporter -->
<testsuite hostname="Nikhil" failures="0" tests="2" name="com.yourstore.testscripts.AccountRegistraionTest" time="11.013" errors="0" timestamp="2024-03-04T21:58:23 IST" skipped="0">
  <testcase classname="com.yourstore.testscripts.AccountRegistraionTest" name="verifyRegisteringAccountByProvidingAllFields" time="6.961"/>
  <system-out/>
  <testcase classname="com.yourstore.testscripts.AccountRegistraionTest" name="verifyRegisteringAccountByProvidingAllFields" time="4.052"/>
  <system-out/>
</testsuite> <!-- com.yourstore.testscripts.AccountRegistraionTest -->
